<?xml version="1.0" encoding="UTF-8"?>
<!-- Generated by org.testng.reporters.JUnitXMLReporter -->
<testsuite ignored="0" hostname="DESKTOP-98I1HA0" failures="1" tests="5" name="Test" time="54.783" errors="0" timestamp="2021-06-24T11:13:52 IST">
  <testcase classname="test.HomePage" name="basePageNavigation" time="11.31"/>
  <testcase classname="test.HomePage" name="basePageNavigation" time="8.987"/>
  <testcase classname="test.HomePage" name="basePageNavigation" time="5.836"/>
  <testcase classname="test.ValidateHeader" name="testValidateHeader" time="0.349">
    <failure type="java.lang.AssertionError" message="The following asserts failed:
	expected [Featured Courses12] but found [FEATURED COURSES]">
      <![CDATA[java.lang.AssertionError: The following asserts failed:
expected [Featured Courses12] but found [FEATURED COURSES]
at test.ValidateHeader.testValidateHeader(ValidateHeader.java:37)
at java.base/java.util.ArrayList.forEach(ArrayList.java:1511)
... Removed 29 stack frames]]>
    </failure>
  </testcase> <!-- testValidateHeader -->
  <testcase classname="test.ValidateNavigationBar" name="testNavigationBar" time="0.392"/>
</testsuite> <!-- Test -->
